[NX v21.2.2 Daemon Server] - 2025-07-03T13:07:50.842Z - Started listening on: /var/folders/vt/cccs7tms7kn22ppnmy3xj1km0000gn/T/7836bd3f106d96816fe4/d.sock
[NX v21.2.2 Daemon Server] - 2025-07-03T13:07:50.845Z - [WATCHER]: Subscribed to changes within: /Users/antoinehurard/Documents/who/hems-front (native)
[NX v21.2.2 Daemon Server] - 2025-07-03T13:07:50.855Z - Established a connection. Number of open connections: 1
[NX v21.2.2 Daemon Server] - 2025-07-03T13:07:50.855Z - Established a connection. Number of open connections: 2
[NX v21.2.2 Daemon Server] - 2025-07-03T13:07:50.857Z - Closed a connection. Number of open connections: 1
[NX v21.2.2 Daemon Server] - 2025-07-03T13:07:50.859Z - [REQUEST]: Responding to the client. Shutdown initiated
[NX v21.2.2 Daemon Server] - 2025-07-03T13:07:50.859Z - Done responding to the client Shutdown initiated
[NX v21.2.2 Daemon Server] - 2025-07-03T13:07:50.860Z - Handled FORCE_SHUTDOWN. Handling time: 0. Response time: 1.
[NX v21.2.2 Daemon Server] - 2025-07-03T13:07:50.860Z - Closed a connection. Number of open connections: 0
[NX v21.2.2 Daemon Server] - 2025-07-03T13:07:50.861Z - [WATCHER]: Stopping the watcher for /Users/antoinehurard/Documents/who/hems-front (sources)
[NX v21.2.2 Daemon Server] - 2025-07-03T13:07:50.861Z - [WATCHER]: Stopping the watcher for /Users/antoinehurard/Documents/who/hems-front (outputs)
[NX v21.2.2 Daemon Server] - 2025-07-03T13:07:50.861Z - Server stopped because: "Request to shutdown"
[NX v21.2.2 Daemon Server] - 2025-07-03T13:12:18.495Z - Started listening on: /var/folders/vt/cccs7tms7kn22ppnmy3xj1km0000gn/T/7836bd3f106d96816fe4/d.sock
[NX v21.2.2 Daemon Server] - 2025-07-03T13:12:18.497Z - [WATCHER]: Subscribed to changes within: /Users/antoinehurard/Documents/who/hems-front (native)
[NX v21.2.2 Daemon Server] - 2025-07-03T13:12:18.507Z - Established a connection. Number of open connections: 1
[NX v21.2.2 Daemon Server] - 2025-07-03T13:12:18.509Z - Established a connection. Number of open connections: 2
[NX v21.2.2 Daemon Server] - 2025-07-03T13:12:18.510Z - Closed a connection. Number of open connections: 1
[NX v21.2.2 Daemon Server] - 2025-07-03T13:12:18.512Z - [REQUEST]: Responding to the client. Shutdown initiated
[NX v21.2.2 Daemon Server] - 2025-07-03T13:12:18.512Z - Done responding to the client Shutdown initiated
[NX v21.2.2 Daemon Server] - 2025-07-03T13:12:18.512Z - Handled FORCE_SHUTDOWN. Handling time: 0. Response time: 0.
[NX v21.2.2 Daemon Server] - 2025-07-03T13:12:18.513Z - Closed a connection. Number of open connections: 0
[NX v21.2.2 Daemon Server] - 2025-07-03T13:12:18.513Z - [WATCHER]: Stopping the watcher for /Users/antoinehurard/Documents/who/hems-front (sources)
[NX v21.2.2 Daemon Server] - 2025-07-03T13:12:18.514Z - [WATCHER]: Stopping the watcher for /Users/antoinehurard/Documents/who/hems-front (outputs)
[NX v21.2.2 Daemon Server] - 2025-07-03T13:12:18.514Z - Server stopped because: "Request to shutdown"
